[19:02:06] alt:V Server 16.4.27 (release)
[19:02:06] Starting Bocos Dev Server on [::]:7788
[19:02:06] Creating and archiving resources
[19:02:06] Making resource chat
[19:02:06] The resource chat is made
[19:02:06] Making resource server
[19:02:06][Error] Could not open resource config
[19:02:06][Error] Failed to create resource server
[19:02:06] Making resource client
[19:02:06][Error] Could not open resource config
[19:02:06][Error] Failed to create resource client
[19:02:06] Creation and archiving resources completed
[19:02:06] Starting resources
[19:02:06] Loading resource chat
[19:02:06] Loaded resource chat
[19:02:06] Loading resource server
[19:02:06][Error] Failed to load resource server
[19:02:06] Loading resource client
[19:02:06][Error] Failed to load resource client
[19:02:06] Start of resources is completed
[19:02:06] Required server permissions:
[19:02:06] Optional server permissions:
[19:02:06] Starting HTTP server on [::]:7788
[19:02:06] Main thread started (ThreadId: 41268)
[19:02:06] SyncSend thread started (ThreadId: 5372)
[19:02:06] EntityStreamer thread started (ThreadId: 7436)
[19:02:06] SyncSend thread started (ThreadId: 42236)
[19:02:06] SyncSend thread started (ThreadId: 38816)
[19:02:06] SyncSend thread started (ThreadId: 41676)
[19:02:06] SyncSend thread started (ThreadId: 15336)
[19:02:06] SyncSend thread started (ThreadId: 13248)
[19:02:06] SyncSend thread started (ThreadId: 10492)
[19:02:06] SyncSend thread started (ThreadId: 42124)
[19:02:06] SyncReceive thread started (ThreadId: 6716)
[19:02:06] SyncReceive thread started (ThreadId: 500)
[19:02:06] SyncReceive thread started (ThreadId: 9132)
[19:02:06] NetworkWorker #1 thread started (ThreadId: 32900)
[19:02:06] SyncReceive thread started (ThreadId: 29416)
[19:02:06] Console thread started (ThreadId: 38104)
[19:02:06] Server started
[19:02:13] Stopping resource chat
[19:02:13] Stopped resource chat
